[1027/235839.078:ERROR:os_crypt_win.cc(93)] Failed to decrypt: Key not valid for use in specified state. (0x8009000B)
[1027/235839.673:ERROR:backend_impl.cc(1041)] Critical error found -8
[1027/235839.674:ERROR:entry_impl.cc(1075)] No file for c103012a
[1027/235839.674:WARNING:storage_block-inl.h(146)] Failed data load.
[1027/235839.674:WARNING:storage_block-inl.h(146)] Failed data load.
[1027/235839.674:WARNING:storage_block-inl.h(146)] Failed data load.
[1027/235839.674:WARNING:storage_block-inl.h(146)] Failed data load.
[1027/235839.674:ERROR:entry_impl.cc(1075)] No file for c103013e
[1027/235839.674:WARNING:storage_block-inl.h(146)] Failed data load.
[1027/235839.674:WARNING:storage_block-inl.h(146)] Failed data load.
[1027/235839.674:WARNING:storage_block-inl.h(146)] Failed data load.
[1027/235839.674:WARNING:storage_block-inl.h(146)] Failed data load.
[1027/235839.674:ERROR:entry_impl.cc(1075)] No file for c10300de
[1027/235839.674:WARNING:storage_block-inl.h(146)] Failed data load.
[1027/235839.674:WARNING:storage_block-inl.h(146)] Failed data load.
[1027/235839.675:WARNING:storage_block-inl.h(146)] Failed data load.
[1027/235844.109:WARNING:value_store_frontend.cc(45)] Reading mhjfbmdgcfjbbpaeojofohoefgiehjai.alarms from  failed: IO error: .../MANIFEST-000001: Unable to create sequential file (ChromeMethodBFE: 7::NewSequentialFile::1)
[1028/000000.298:ERROR:leveldb_factory.cc(91)] Failed to open LevelDB database from C:/Users/bicak/Documents/GitHub/miracle-daycare/MDGame2023/Saved/webcache_4430\IndexedDB\https_www.youtube-nocookie.com_0.indexeddb.leveldb,IO error: C:/Users/bicak/Documents/GitHub/miracle-daycare/MDGame2023/Saved/webcache_4430\IndexedDB\https_www.youtube-nocookie.com_0.indexeddb.leveldb/MANIFEST-000001: Unable to create sequential file (ChromeMethodBFE: 7::NewSequentialFile::1)
[1028/000000.302:ERROR:leveldb_factory.cc(91)] Failed to open LevelDB database from C:/Users/bicak/Documents/GitHub/miracle-daycare/MDGame2023/Saved/webcache_4430\IndexedDB\https_www.youtube-nocookie.com_0.indexeddb.leveldb,IO error: C:/Users/bicak/Documents/GitHub/miracle-daycare/MDGame2023/Saved/webcache_4430\IndexedDB\https_www.youtube-nocookie.com_0.indexeddb.leveldb/MANIFEST-000001: Unable to create sequential file (ChromeMethodBFE: 7::NewSequentialFile::1)
[1028/000000.599:ERROR:leveldb_factory.cc(91)] Failed to open LevelDB database from C:/Users/bicak/Documents/GitHub/miracle-daycare/MDGame2023/Saved/webcache_4430\IndexedDB\https_www.youtube-nocookie.com_0.indexeddb.leveldb,IO error: C:/Users/bicak/Documents/GitHub/miracle-daycare/MDGame2023/Saved/webcache_4430\IndexedDB\https_www.youtube-nocookie.com_0.indexeddb.leveldb/MANIFEST-000001: Unable to create sequential file (ChromeMethodBFE: 7::NewSequentialFile::1)
[1028/000000.603:ERROR:leveldb_factory.cc(91)] Failed to open LevelDB database from C:/Users/bicak/Documents/GitHub/miracle-daycare/MDGame2023/Saved/webcache_4430\IndexedDB\https_www.youtube-nocookie.com_0.indexeddb.leveldb,IO error: C:/Users/bicak/Documents/GitHub/miracle-daycare/MDGame2023/Saved/webcache_4430\IndexedDB\https_www.youtube-nocookie.com_0.indexeddb.leveldb/MANIFEST-000001: Unable to create sequential file (ChromeMethodBFE: 7::NewSequentialFile::1)
[1028/000039.263:ERROR:gpu_init.cc(426)] Passthrough is not supported, GL is disabled
